  [4;36;1mSQL (3.0ms)[0m   [0;1m SELECT name
 FROM sqlite_master
 WHERE type = 'table' AND NOT name = 'sqlite_sequence'
[0m
  [4;35;1mSQL (0.0ms)[0m   [0mselect sqlite_version(*)[0m
  [4;36;1mSQL (23.0ms)[0m   [0;1mCREATE TABLE "schema_migrations" ("version" varchar(255) NOT NULL) [0m
  [4;35;1mSQL (0.0ms)[0m   [0mPRAGMA index_list("schema_migrations")[0m
  [4;36;1mSQL (23.0ms)[0m   [0;1mCREATE UNIQUE INDEX "unique_schema_migrations" ON "schema_migrations" ("version")[0m
  [4;35;1mSQL (1.0ms)[0m   [0m SELECT name
 FROM sqlite_master
 WHERE type = 'table' AND NOT name = 'sqlite_sequence'
[0m
  [4;36;1mSQL (1.0ms)[0m   [0;1m SELECT name
 FROM sqlite_master
 WHERE type = 'table' AND NOT name = 'sqlite_sequence'
[0m
  [4;35;1mSQL (0.0ms)[0m   [0mSELECT version FROM schema_migrations[0m
  [4;36;1mSQL (1.0ms)[0m   [0;1m SELECT name
 FROM sqlite_master
 WHERE type = 'table' AND NOT name = 'sqlite_sequence'
[0m


Processing ApplicationController#index (for 127.0.0.1 at 2011-01-20 16:40:38) [GET]

ActionController::RoutingError (No route matches "/project02" with {:method=>:get}):
  C:/Ruby187/lib/ruby/1.8/webrick/httpserver.rb:104:in `service'
  C:/Ruby187/lib/ruby/1.8/webrick/httpserver.rb:65:in `run'
  C:/Ruby187/lib/ruby/1.8/webrick/server.rb:173:in `start_thread'
  C:/Ruby187/lib/ruby/1.8/webrick/server.rb:162:in `start'
  C:/Ruby187/lib/ruby/1.8/webrick/server.rb:162:in `start_thread'
  C:/Ruby187/lib/ruby/1.8/webrick/server.rb:95:in `start'
  C:/Ruby187/lib/ruby/1.8/webrick/server.rb:92:in `each'
  C:/Ruby187/lib/ruby/1.8/webrick/server.rb:92:in `start'
  C:/Ruby187/lib/ruby/1.8/webrick/server.rb:23:in `start'
  C:/Ruby187/lib/ruby/1.8/webrick/server.rb:82:in `start'

Rendering rescues/layout (not_found)


Processing ApplicationController#index (for 127.0.0.1 at 2011-01-20 16:40:55) [GET]

ActionController::RoutingError (No route matches "/products" with {:method=>:get}):
  C:/Ruby187/lib/ruby/1.8/webrick/httpserver.rb:104:in `service'
  C:/Ruby187/lib/ruby/1.8/webrick/httpserver.rb:65:in `run'
  C:/Ruby187/lib/ruby/1.8/webrick/server.rb:173:in `start_thread'
  C:/Ruby187/lib/ruby/1.8/webrick/server.rb:162:in `start'
  C:/Ruby187/lib/ruby/1.8/webrick/server.rb:162:in `start_thread'
  C:/Ruby187/lib/ruby/1.8/webrick/server.rb:95:in `start'
  C:/Ruby187/lib/ruby/1.8/webrick/server.rb:92:in `each'
  C:/Ruby187/lib/ruby/1.8/webrick/server.rb:92:in `start'
  C:/Ruby187/lib/ruby/1.8/webrick/server.rb:23:in `start'
  C:/Ruby187/lib/ruby/1.8/webrick/server.rb:82:in `start'

Rendering rescues/layout (not_found)


Processing Rails::InfoController#properties (for 127.0.0.1 at 2011-01-20 16:41:55) [GET]
  [4;36;1mSQL (1.0ms)[0m   [0;1m SELECT name
 FROM sqlite_master
 WHERE type = 'table' AND NOT name = 'sqlite_sequence'
[0m
  [4;35;1mSQL (0.0ms)[0m   [0mSELECT version FROM schema_migrations[0m
Completed in 144ms (View: 26, DB: 1) | 200 OK [http://localhost/rails/info/properties]


Processing ApplicationController#index (for 127.0.0.1 at 2011-01-20 16:46:32) [GET]

ActionController::RoutingError (No route matches "/products" with {:method=>:get}):
  c:/Ruby187/lib/ruby/1.8/webrick/httpserver.rb:104:in `service'
  c:/Ruby187/lib/ruby/1.8/webrick/httpserver.rb:65:in `run'
  c:/Ruby187/lib/ruby/1.8/webrick/server.rb:173:in `start_thread'
  c:/Ruby187/lib/ruby/1.8/webrick/server.rb:162:in `start'
  c:/Ruby187/lib/ruby/1.8/webrick/server.rb:162:in `start_thread'
  c:/Ruby187/lib/ruby/1.8/webrick/server.rb:95:in `start'
  c:/Ruby187/lib/ruby/1.8/webrick/server.rb:92:in `each'
  c:/Ruby187/lib/ruby/1.8/webrick/server.rb:92:in `start'
  c:/Ruby187/lib/ruby/1.8/webrick/server.rb:23:in `start'
  c:/Ruby187/lib/ruby/1.8/webrick/server.rb:82:in `start'

Rendering rescues/layout (not_found)


Processing ApplicationController#index (for 127.0.0.1 at 2011-01-20 16:50:51) [GET]

ActionController::RoutingError (No route matches "/products" with {:method=>:get}):
  c:/Ruby187/lib/ruby/1.8/webrick/httpserver.rb:104:in `service'
  c:/Ruby187/lib/ruby/1.8/webrick/httpserver.rb:65:in `run'
  c:/Ruby187/lib/ruby/1.8/webrick/server.rb:173:in `start_thread'
  c:/Ruby187/lib/ruby/1.8/webrick/server.rb:162:in `start'
  c:/Ruby187/lib/ruby/1.8/webrick/server.rb:162:in `start_thread'
  c:/Ruby187/lib/ruby/1.8/webrick/server.rb:95:in `start'
  c:/Ruby187/lib/ruby/1.8/webrick/server.rb:92:in `each'
  c:/Ruby187/lib/ruby/1.8/webrick/server.rb:92:in `start'
  c:/Ruby187/lib/ruby/1.8/webrick/server.rb:23:in `start'
  c:/Ruby187/lib/ruby/1.8/webrick/server.rb:82:in `start'

Rendering rescues/layout (not_found)


Processing ApplicationController#index (for 127.0.0.1 at 2011-01-20 16:50:55) [GET]

ActionController::RoutingError (No route matches "/products" with {:method=>:get}):
  c:/Ruby187/lib/ruby/1.8/webrick/httpserver.rb:104:in `service'
  c:/Ruby187/lib/ruby/1.8/webrick/httpserver.rb:65:in `run'
  c:/Ruby187/lib/ruby/1.8/webrick/server.rb:173:in `start_thread'
  c:/Ruby187/lib/ruby/1.8/webrick/server.rb:162:in `start'
  c:/Ruby187/lib/ruby/1.8/webrick/server.rb:162:in `start_thread'
  c:/Ruby187/lib/ruby/1.8/webrick/server.rb:95:in `start'
  c:/Ruby187/lib/ruby/1.8/webrick/server.rb:92:in `each'
  c:/Ruby187/lib/ruby/1.8/webrick/server.rb:92:in `start'
  c:/Ruby187/lib/ruby/1.8/webrick/server.rb:23:in `start'
  c:/Ruby187/lib/ruby/1.8/webrick/server.rb:82:in `start'

Rendering rescues/layout (not_found)


Processing ApplicationController#index (for 127.0.0.1 at 2011-01-20 16:55:49) [GET]

ActionController::RoutingError (No route matches "/products" with {:method=>:get}):
  c:/Ruby187/lib/ruby/1.8/webrick/httpserver.rb:104:in `service'
  c:/Ruby187/lib/ruby/1.8/webrick/httpserver.rb:65:in `run'
  c:/Ruby187/lib/ruby/1.8/webrick/server.rb:173:in `start_thread'
  c:/Ruby187/lib/ruby/1.8/webrick/server.rb:162:in `start'
  c:/Ruby187/lib/ruby/1.8/webrick/server.rb:162:in `start_thread'
  c:/Ruby187/lib/ruby/1.8/webrick/server.rb:95:in `start'
  c:/Ruby187/lib/ruby/1.8/webrick/server.rb:92:in `each'
  c:/Ruby187/lib/ruby/1.8/webrick/server.rb:92:in `start'
  c:/Ruby187/lib/ruby/1.8/webrick/server.rb:23:in `start'
  c:/Ruby187/lib/ruby/1.8/webrick/server.rb:82:in `start'

Rendering rescues/layout (not_found)


Processing ApplicationController#index (for 127.0.0.1 at 2011-01-20 16:55:57) [GET]

ActionController::RoutingError (No route matches "/Products" with {:method=>:get}):
  c:/Ruby187/lib/ruby/1.8/webrick/httpserver.rb:104:in `service'
  c:/Ruby187/lib/ruby/1.8/webrick/httpserver.rb:65:in `run'
  c:/Ruby187/lib/ruby/1.8/webrick/server.rb:173:in `start_thread'
  c:/Ruby187/lib/ruby/1.8/webrick/server.rb:162:in `start'
  c:/Ruby187/lib/ruby/1.8/webrick/server.rb:162:in `start_thread'
  c:/Ruby187/lib/ruby/1.8/webrick/server.rb:95:in `start'
  c:/Ruby187/lib/ruby/1.8/webrick/server.rb:92:in `each'
  c:/Ruby187/lib/ruby/1.8/webrick/server.rb:92:in `start'
  c:/Ruby187/lib/ruby/1.8/webrick/server.rb:23:in `start'
  c:/Ruby187/lib/ruby/1.8/webrick/server.rb:82:in `start'

Rendering rescues/layout (not_found)


Processing ApplicationController#index (for 127.0.0.1 at 2011-01-20 16:57:35) [GET]

ActionController::RoutingError (No route matches "/Products" with {:method=>:get}):
  c:/Ruby187/lib/ruby/1.8/webrick/httpserver.rb:104:in `service'
  c:/Ruby187/lib/ruby/1.8/webrick/httpserver.rb:65:in `run'
  c:/Ruby187/lib/ruby/1.8/webrick/server.rb:173:in `start_thread'
  c:/Ruby187/lib/ruby/1.8/webrick/server.rb:162:in `start'
  c:/Ruby187/lib/ruby/1.8/webrick/server.rb:162:in `start_thread'
  c:/Ruby187/lib/ruby/1.8/webrick/server.rb:95:in `start'
  c:/Ruby187/lib/ruby/1.8/webrick/server.rb:92:in `each'
  c:/Ruby187/lib/ruby/1.8/webrick/server.rb:92:in `start'
  c:/Ruby187/lib/ruby/1.8/webrick/server.rb:23:in `start'
  c:/Ruby187/lib/ruby/1.8/webrick/server.rb:82:in `start'

Rendering rescues/layout (not_found)


Processing ApplicationController#index (for 127.0.0.1 at 2011-01-20 16:57:35) [GET]

ActionController::RoutingError (No route matches "/Products" with {:method=>:get}):
  c:/Ruby187/lib/ruby/1.8/webrick/httpserver.rb:104:in `service'
  c:/Ruby187/lib/ruby/1.8/webrick/httpserver.rb:65:in `run'
  c:/Ruby187/lib/ruby/1.8/webrick/server.rb:173:in `start_thread'
  c:/Ruby187/lib/ruby/1.8/webrick/server.rb:162:in `start'
  c:/Ruby187/lib/ruby/1.8/webrick/server.rb:162:in `start_thread'
  c:/Ruby187/lib/ruby/1.8/webrick/server.rb:95:in `start'
  c:/Ruby187/lib/ruby/1.8/webrick/server.rb:92:in `each'
  c:/Ruby187/lib/ruby/1.8/webrick/server.rb:92:in `start'
  c:/Ruby187/lib/ruby/1.8/webrick/server.rb:23:in `start'
  c:/Ruby187/lib/ruby/1.8/webrick/server.rb:82:in `start'

Rendering rescues/layout (not_found)


Processing ApplicationController#index (for 127.0.0.1 at 2011-01-20 16:57:37) [GET]

ActionController::RoutingError (No route matches "/" with {:method=>:get}):
  c:/Ruby187/lib/ruby/1.8/webrick/httpserver.rb:104:in `service'
  c:/Ruby187/lib/ruby/1.8/webrick/httpserver.rb:65:in `run'
  c:/Ruby187/lib/ruby/1.8/webrick/server.rb:173:in `start_thread'
  c:/Ruby187/lib/ruby/1.8/webrick/server.rb:162:in `start'
  c:/Ruby187/lib/ruby/1.8/webrick/server.rb:162:in `start_thread'
  c:/Ruby187/lib/ruby/1.8/webrick/server.rb:95:in `start'
  c:/Ruby187/lib/ruby/1.8/webrick/server.rb:92:in `each'
  c:/Ruby187/lib/ruby/1.8/webrick/server.rb:92:in `start'
  c:/Ruby187/lib/ruby/1.8/webrick/server.rb:23:in `start'
  c:/Ruby187/lib/ruby/1.8/webrick/server.rb:82:in `start'

Rendering rescues/layout (not_found)


Processing ApplicationController#index (for 127.0.0.1 at 2011-01-20 16:57:40) [GET]

ActionController::RoutingError (No route matches "/" with {:method=>:get}):
  c:/Ruby187/lib/ruby/1.8/webrick/httpserver.rb:104:in `service'
  c:/Ruby187/lib/ruby/1.8/webrick/httpserver.rb:65:in `run'
  c:/Ruby187/lib/ruby/1.8/webrick/server.rb:173:in `start_thread'
  c:/Ruby187/lib/ruby/1.8/webrick/server.rb:162:in `start'
  c:/Ruby187/lib/ruby/1.8/webrick/server.rb:162:in `start_thread'
  c:/Ruby187/lib/ruby/1.8/webrick/server.rb:95:in `start'
  c:/Ruby187/lib/ruby/1.8/webrick/server.rb:92:in `each'
  c:/Ruby187/lib/ruby/1.8/webrick/server.rb:92:in `start'
  c:/Ruby187/lib/ruby/1.8/webrick/server.rb:23:in `start'
  c:/Ruby187/lib/ruby/1.8/webrick/server.rb:82:in `start'

Rendering rescues/layout (not_found)


Processing ApplicationController#index (for 127.0.0.1 at 2011-01-20 17:01:07) [GET]

ActionController::RoutingError (No route matches "/products/index" with {:method=>:get}):
  c:/Ruby187/lib/ruby/1.8/webrick/httpserver.rb:104:in `service'
  c:/Ruby187/lib/ruby/1.8/webrick/httpserver.rb:65:in `run'
  c:/Ruby187/lib/ruby/1.8/webrick/server.rb:173:in `start_thread'
  c:/Ruby187/lib/ruby/1.8/webrick/server.rb:162:in `start'
  c:/Ruby187/lib/ruby/1.8/webrick/server.rb:162:in `start_thread'
  c:/Ruby187/lib/ruby/1.8/webrick/server.rb:95:in `start'
  c:/Ruby187/lib/ruby/1.8/webrick/server.rb:92:in `each'
  c:/Ruby187/lib/ruby/1.8/webrick/server.rb:92:in `start'
  c:/Ruby187/lib/ruby/1.8/webrick/server.rb:23:in `start'
  c:/Ruby187/lib/ruby/1.8/webrick/server.rb:82:in `start'

Rendering rescues/layout (not_found)


Processing ApplicationController#index (for 127.0.0.1 at 2011-01-20 17:01:07) [GET]

ActionController::RoutingError (No route matches "/products/index" with {:method=>:get}):
  c:/Ruby187/lib/ruby/1.8/webrick/httpserver.rb:104:in `service'
  c:/Ruby187/lib/ruby/1.8/webrick/httpserver.rb:65:in `run'
  c:/Ruby187/lib/ruby/1.8/webrick/server.rb:173:in `start_thread'
  c:/Ruby187/lib/ruby/1.8/webrick/server.rb:162:in `start'
  c:/Ruby187/lib/ruby/1.8/webrick/server.rb:162:in `start_thread'
  c:/Ruby187/lib/ruby/1.8/webrick/server.rb:95:in `start'
  c:/Ruby187/lib/ruby/1.8/webrick/server.rb:92:in `each'
  c:/Ruby187/lib/ruby/1.8/webrick/server.rb:92:in `start'
  c:/Ruby187/lib/ruby/1.8/webrick/server.rb:23:in `start'
  c:/Ruby187/lib/ruby/1.8/webrick/server.rb:82:in `start'

Rendering rescues/layout (not_found)


Processing ApplicationController#index (for 127.0.0.1 at 2011-01-20 17:01:11) [GET]

ActionController::RoutingError (No route matches "/products" with {:method=>:get}):
  c:/Ruby187/lib/ruby/1.8/webrick/httpserver.rb:104:in `service'
  c:/Ruby187/lib/ruby/1.8/webrick/httpserver.rb:65:in `run'
  c:/Ruby187/lib/ruby/1.8/webrick/server.rb:173:in `start_thread'
  c:/Ruby187/lib/ruby/1.8/webrick/server.rb:162:in `start'
  c:/Ruby187/lib/ruby/1.8/webrick/server.rb:162:in `start_thread'
  c:/Ruby187/lib/ruby/1.8/webrick/server.rb:95:in `start'
  c:/Ruby187/lib/ruby/1.8/webrick/server.rb:92:in `each'
  c:/Ruby187/lib/ruby/1.8/webrick/server.rb:92:in `start'
  c:/Ruby187/lib/ruby/1.8/webrick/server.rb:23:in `start'
  c:/Ruby187/lib/ruby/1.8/webrick/server.rb:82:in `start'

Rendering rescues/layout (not_found)
  [4;36;1mSQL (1.0ms)[0m   [0;1m SELECT name
 FROM sqlite_master
 WHERE type = 'table' AND NOT name = 'sqlite_sequence'
[0m
  [4;35;1mSQL (1.0ms)[0m   [0mSELECT version FROM schema_migrations[0m
Migrating to CreateProducts (20110121000420)
  [4;36;1mSQL (0.0ms)[0m   [0;1mselect sqlite_version(*)[0m
  [4;35;1mSQL (6.0ms)[0m   [0mCREATE TABLE "products" ("id" INTEGER PRIMARY KEY AUTOINCREMENT NOT NULL, "title" varchar(255), "description" text, "image_url" varchar(255), "created_at" datetime, "updated_at" datetime) [0m
  [4;36;1mSQL (0.0ms)[0m   [0;1mINSERT INTO schema_migrations (version) VALUES ('20110121000420')[0m
  [4;35;1mSQL (2.0ms)[0m   [0m SELECT name
 FROM sqlite_master
 WHERE type = 'table' AND NOT name = 'sqlite_sequence'
[0m
  [4;36;1mSQL (1.0ms)[0m   [0;1mSELECT version FROM schema_migrations[0m
  [4;35;1mSQL (1.0ms)[0m   [0m SELECT name
 FROM sqlite_master
 WHERE type = 'table' AND NOT name = 'sqlite_sequence'
[0m
  [4;36;1mSQL (0.0ms)[0m   [0;1mPRAGMA index_list("products")[0m


Processing ProductsController#index (for 127.0.0.1 at 2011-01-20 17:05:23) [GET]
  [4;36;1mProduct Load (1.0ms)[0m   [0;1mSELECT * FROM "products" [0m
Rendering template within layouts/products
Rendering products/index
Completed in 104ms (View: 31, DB: 1) | 200 OK [http://localhost/products]


Processing ProductsController#new (for 127.0.0.1 at 2011-01-20 17:05:36) [GET]
Rendering template within layouts/products
Rendering products/new
Completed in 7212ms (View: 7183, DB: 0) | 200 OK [http://localhost/products/new]


Processing ProductsController#create (for 127.0.0.1 at 2011-01-20 17:06:21) [POST]
  Parameters: {"commit"=>"Create", "authenticity_token"=>"sWvtk3HvPT7quuzTxRtAFahL38OaK3uKXb2XLk5TOxo=", "product"=>{"image_url"=>"/images/svn.jpg", "title"=>"Pragmatic version control", "description"=>"some stuff about version control"}}
  [4;35;1mProduct Create (4.0ms)[0m   [0mINSERT INTO "products" ("created_at", "title", "image_url", "updated_at", "description") VALUES('2011-01-21 00:06:21', 'Pragmatic version control', '/images/svn.jpg', '2011-01-21 00:06:21', 'some stuff about version control')[0m
Redirected to http://localhost:3000/products/1
Completed in 63ms (DB: 4) | 302 Found [http://localhost/products]


Processing ProductsController#show (for 127.0.0.1 at 2011-01-20 17:06:21) [GET]
  Parameters: {"id"=>"1"}
  [4;36;1mProduct Load (1.0ms)[0m   [0;1mSELECT * FROM "products" WHERE ("products"."id" = 1) [0m
Rendering template within layouts/products
Rendering products/show
Completed in 45ms (View: 26, DB: 1) | 200 OK [http://localhost/products/1]


Processing ProductsController#index (for 127.0.0.1 at 2011-01-20 17:06:24) [GET]
  [4;35;1mProduct Load (2.0ms)[0m   [0mSELECT * FROM "products" [0m
Rendering template within layouts/products
Rendering products/index
Completed in 33ms (View: 14, DB: 2) | 200 OK [http://localhost/products]
  [4;36;1mSQL (3.0ms)[0m   [0;1m SELECT name
 FROM sqlite_master
 WHERE type = 'table' AND NOT name = 'sqlite_sequence'
[0m
  [4;35;1mSQL (1.0ms)[0m   [0mSELECT version FROM schema_migrations[0m
Migrating to CreateProducts (20110121000420)
Migrating to AddPriceToProduct (20110121000732)
  [4;36;1mSQL (0.0ms)[0m   [0;1mselect sqlite_version(*)[0m


Processing ProductsController#index (for 127.0.0.1 at 2011-01-20 17:14:52) [GET]
  [4;36;1mProduct Load (2.0ms)[0m   [0;1mSELECT * FROM "products" [0m
Rendering template within layouts/products
Rendering products/index

ActionView::TemplateError (undefined method `price' for #<Product:0x943fd70>) on line #16 of app/views/products/index.html.erb:
13:     <td><%=h product.title %></td>
14:     <td><%=h product.description %></td>
15:     <td><%=h product.image_url %></td>
16:     <td><%=h product.price %></td>
17:     <td><%= link_to 'Show', product %></td>
18:     <td><%= link_to 'Edit', edit_product_path(product) %></td>
19:     <td><%= link_to 'Destroy', product, :confirm => 'Are you sure?', :method => :delete %></td>

    app/views/products/index.html.erb:16
    app/views/products/index.html.erb:11:in `each'
    app/views/products/index.html.erb:11
    app/controllers/products_controller.rb:7:in `index'
    c:/Ruby187/lib/ruby/1.8/webrick/httpserver.rb:104:in `service'
    c:/Ruby187/lib/ruby/1.8/webrick/httpserver.rb:65:in `run'
    c:/Ruby187/lib/ruby/1.8/webrick/server.rb:173:in `start_thread'
    c:/Ruby187/lib/ruby/1.8/webrick/server.rb:162:in `start'
    c:/Ruby187/lib/ruby/1.8/webrick/server.rb:162:in `start_thread'
    c:/Ruby187/lib/ruby/1.8/webrick/server.rb:95:in `start'
    c:/Ruby187/lib/ruby/1.8/webrick/server.rb:92:in `each'
    c:/Ruby187/lib/ruby/1.8/webrick/server.rb:92:in `start'
    c:/Ruby187/lib/ruby/1.8/webrick/server.rb:23:in `start'
    c:/Ruby187/lib/ruby/1.8/webrick/server.rb:82:in `start'

Rendered rescues/_trace (56.0ms)
Rendered rescues/_request_and_response (1.0ms)
Rendering rescues/layout (internal_server_error)


Processing ProductsController#index (for 127.0.0.1 at 2011-01-21 13:12:40) [GET]
  [4;36;1mProduct Load (1.0ms)[0m   [0;1mSELECT * FROM "products" [0m
Rendering template within layouts/products
Rendering products/index

ActionView::TemplateError (undefined method `price' for #<Product:0xf6001f8>) on line #16 of app/views/products/index.html.erb:
13:     <td><%=h product.title %></td>
14:     <td><%=h product.description %></td>
15:     <td><%=h product.image_url %></td>
16:     <td><%=h product.price %></td>
17:     <td><%= link_to 'Show', product %></td>
18:     <td><%= link_to 'Edit', edit_product_path(product) %></td>
19:     <td><%= link_to 'Destroy', product, :confirm => 'Are you sure?', :method => :delete %></td>

    app/views/products/index.html.erb:16
    app/views/products/index.html.erb:11:in `each'
    app/views/products/index.html.erb:11
    app/controllers/products_controller.rb:7:in `index'
    c:/Ruby187/lib/ruby/1.8/webrick/httpserver.rb:104:in `service'
    c:/Ruby187/lib/ruby/1.8/webrick/httpserver.rb:65:in `run'
    c:/Ruby187/lib/ruby/1.8/webrick/server.rb:173:in `start_thread'
    c:/Ruby187/lib/ruby/1.8/webrick/server.rb:162:in `start'
    c:/Ruby187/lib/ruby/1.8/webrick/server.rb:162:in `start_thread'
    c:/Ruby187/lib/ruby/1.8/webrick/server.rb:95:in `start'
    c:/Ruby187/lib/ruby/1.8/webrick/server.rb:92:in `each'
    c:/Ruby187/lib/ruby/1.8/webrick/server.rb:92:in `start'
    c:/Ruby187/lib/ruby/1.8/webrick/server.rb:23:in `start'
    c:/Ruby187/lib/ruby/1.8/webrick/server.rb:82:in `start'

Rendered rescues/_trace (81.0ms)
Rendered rescues/_request_and_response (16.0ms)
Rendering rescues/layout (internal_server_error)
  [4;36;1mSQL (2.0ms)[0m   [0;1m SELECT name
 FROM sqlite_master
 WHERE type = 'table' AND NOT name = 'sqlite_sequence'
[0m
  [4;35;1mSQL (1.0ms)[0m   [0mSELECT version FROM schema_migrations[0m
Migrating to CreateProducts (20110121000420)
Migrating to AddPriceToProduct (20110121000732)
  [4;36;1mSQL (10.0ms)[0m   [0;1mselect sqlite_version(*)[0m
  [4;36;1mSQL (2.0ms)[0m   [0;1m SELECT name
 FROM sqlite_master
 WHERE type = 'table' AND NOT name = 'sqlite_sequence'
[0m
  [4;35;1mSQL (1.0ms)[0m   [0mSELECT version FROM schema_migrations[0m
Migrating to CreateProducts (20110121000420)
Migrating to AddPriceToProduct (20110121000732)
  [4;36;1mSQL (1.0ms)[0m   [0;1mselect sqlite_version(*)[0m
  [4;35;1mSQL (18.0ms)[0m   [0mALTER TABLE "products" ADD "price" decimal(8,2) DEFAULT 0[0m
  [4;36;1mSQL (0.0ms)[0m   [0;1mINSERT INTO schema_migrations (version) VALUES ('20110121000732')[0m
  [4;35;1mSQL (2.0ms)[0m   [0m SELECT name
 FROM sqlite_master
 WHERE type = 'table' AND NOT name = 'sqlite_sequence'
[0m
  [4;36;1mSQL (1.0ms)[0m   [0;1mSELECT version FROM schema_migrations[0m
  [4;35;1mSQL (0.0ms)[0m   [0m SELECT name
 FROM sqlite_master
 WHERE type = 'table' AND NOT name = 'sqlite_sequence'
[0m
  [4;36;1mSQL (0.0ms)[0m   [0;1mPRAGMA index_list("products")[0m


Processing ProductsController#index (for 127.0.0.1 at 2011-01-21 13:17:06) [GET]
  [4;36;1mProduct Load (3.0ms)[0m   [0;1mSELECT * FROM "products" [0m
Rendering template within layouts/products
Rendering products/index
Completed in 287ms (View: 126, DB: 3) | 200 OK [http://localhost/products]


Processing ProductsController#edit (for 127.0.0.1 at 2011-01-21 13:17:12) [GET]
  Parameters: {"id"=>"1"}
  [4;35;1mProduct Load (1.0ms)[0m   [0mSELECT * FROM "products" WHERE ("products"."id" = 1) [0m
Rendering template within layouts/products
Rendering products/edit
Completed in 71ms (View: 36, DB: 1) | 200 OK [http://localhost/products/1/edit]


Processing ProductsController#update (for 127.0.0.1 at 2011-01-21 13:17:18) [PUT]
  Parameters: {"commit"=>"Update", "authenticity_token"=>"sWvtk3HvPT7quuzTxRtAFahL38OaK3uKXb2XLk5TOxo=", "id"=>"1", "product"=>{"price"=>"$20.00", "image_url"=>"/images/svn.jpg", "title"=>"Pragmatic version control", "description"=>"some stuff about version control"}}
  [4;36;1mProduct Load (1.0ms)[0m   [0;1mSELECT * FROM "products" WHERE ("products"."id" = 1) [0m
Redirected to http://localhost:3000/products/1
Completed in 77ms (DB: 1) | 302 Found [http://localhost/products/1]


Processing ProductsController#show (for 127.0.0.1 at 2011-01-21 13:17:19) [GET]
  Parameters: {"id"=>"1"}
  [4;35;1mProduct Load (1.0ms)[0m   [0mSELECT * FROM "products" WHERE ("products"."id" = 1) [0m
Rendering template within layouts/products
Rendering products/show
Completed in 104ms (View: 77, DB: 1) | 200 OK [http://localhost/products/1]


Processing ProductsController#index (for 127.0.0.1 at 2011-01-21 13:17:20) [GET]
  [4;36;1mProduct Load (1.0ms)[0m   [0;1mSELECT * FROM "products" [0m
Rendering template within layouts/products
Rendering products/index
Completed in 24ms (View: 10, DB: 1) | 200 OK [http://localhost/products]


Processing ProductsController#edit (for 127.0.0.1 at 2011-01-21 13:17:22) [GET]
  Parameters: {"id"=>"1"}
  [4;35;1mProduct Load (0.0ms)[0m   [0mSELECT * FROM "products" WHERE ("products"."id" = 1) [0m
Rendering template within layouts/products
Rendering products/edit
Completed in 71ms (View: 49, DB: 0) | 200 OK [http://localhost/products/1/edit]


Processing ProductsController#update (for 127.0.0.1 at 2011-01-21 13:17:27) [PUT]
  Parameters: {"commit"=>"Update", "authenticity_token"=>"sWvtk3HvPT7quuzTxRtAFahL38OaK3uKXb2XLk5TOxo=", "id"=>"1", "product"=>{"price"=>"20", "image_url"=>"/images/svn.jpg", "title"=>"Pragmatic version control", "description"=>"some stuff about version control"}}
  [4;36;1mProduct Load (1.0ms)[0m   [0;1mSELECT * FROM "products" WHERE ("products"."id" = 1) [0m
  [4;35;1mProduct Update (37.0ms)[0m   [0mUPDATE "products" SET "updated_at" = '2011-01-21 20:17:27', "price" = 20.0 WHERE "id" = 1[0m
Redirected to http://localhost:3000/products/1
Completed in 181ms (DB: 38) | 302 Found [http://localhost/products/1]


Processing ProductsController#show (for 127.0.0.1 at 2011-01-21 13:17:27) [GET]
  Parameters: {"id"=>"1"}
  [4;36;1mProduct Load (1.0ms)[0m   [0;1mSELECT * FROM "products" WHERE ("products"."id" = 1) [0m
Rendering template within layouts/products
Rendering products/show
Completed in 57ms (View: 33, DB: 1) | 200 OK [http://localhost/products/1]


Processing ProductsController#index (for 127.0.0.1 at 2011-01-21 13:17:30) [GET]
  [4;35;1mProduct Load (1.0ms)[0m   [0mSELECT * FROM "products" [0m
Rendering template within layouts/products
Rendering products/index
Completed in 135ms (View: 118, DB: 1) | 200 OK [http://localhost/products]
